[0.042s] Invoking command in '/home/ubuntu/ros2_ws/src/build/turtlesim': CMAKE_PREFIX_PATH=${CMAKE_PREFIX_PATH}:/home/ubuntu/ros2_iron/install/rqt_bag_plugins:/home/ubuntu/ros2_iron/install/rqt_bag:/home/ubuntu/ros2_iron/install/rosbag2_examples_py:/home/ubuntu/ros2_iron/install/launch_testing_examples:/home/ubuntu/ros2_iron/install/ros2bag:/home/ubuntu/ros2_iron/install/tracetools_test:/home/ubuntu/ros2_iron/install/tracetools_launch:/home/ubuntu/ros2_iron/install/topic_monitor:/home/ubuntu/ros2_iron/install/tf2_tools:/home/ubuntu/ros2_iron/install/examples_tf2_py:/home/ubuntu/ros2_iron/install/tf2_ros_py:/home/ubuntu/ros2_iron/install/examples_rclpy_pointcloud_publisher:/home/ubuntu/ros2_iron/install/sensor_msgs_py:/home/ubuntu/ros2_iron/install/quality_of_service_demo_py:/home/ubuntu/ros2_iron/install/rqt_plot:/home/ubuntu/ros2_iron/install/ros2doctor:/home/ubuntu/ros2_iron/install/lifecycle_py:/home/ubuntu/ros2_iron/install/examples_rclpy_minimal_subscriber:/home/ubuntu/ros2_iron/install/examples_rclpy_minimal_service:/home/ubuntu/ros2_iron/install/examples_rclpy_minimal_publisher:/home/ubuntu/ros2_iron/install/examples_rclpy_minimal_client:/home/ubuntu/ros2_iron/install/examples_rclpy_executors:/home/ubuntu/ros2_iron/install/demo_nodes_py:/home/ubuntu/ros2_iron/install/rqt:/home/ubuntu/ros2_iron/install/ros2component:/home/ubuntu/ros2_iron/install/sros2:/home/ubuntu/ros2_iron/install/rqt_topic:/home/ubuntu/ros2_iron/install/rqt_srv:/home/ubuntu/ros2_iron/install/rqt_shell:/home/ubuntu/ros2_iron/install/rqt_service_caller:/home/ubuntu/ros2_iron/install/rqt_reconfigure:/home/ubuntu/ros2_iron/install/rqt_py_console:/home/ubuntu/ros2_iron/install/rqt_publisher:/home/ubuntu/ros2_iron/install/rqt_action:/home/ubuntu/ros2_iron/install/rqt_msg:/home/ubuntu/ros2_iron/install/rqt_console:/home/ubuntu/ros2_iron/install/rqt_graph:/home/ubuntu/ros2_iron/install/rqt_gui_py:/home/ubuntu/ros2_iron/install/rqt_gui:/home/ubuntu/ros2_iron/install/ros2trace:/home/ubuntu/ros2_iron/install/ros2topic:/home/ubuntu/ros2_iron/install/ros2test:/home/ubuntu/ros2_iron/install/ros2param:/home/ubuntu/ros2_iron/install/ros2lifecycle:/home/ubuntu/ros2_iron/install/ros2service:/home/ubuntu/ros2_iron/install/ros2run:/home/ubuntu/ros2_iron/install/ros2launch:/home/ubuntu/ros2_iron/install/ros2pkg:/home/ubuntu/ros2_iron/install/ros2node:/home/ubuntu/ros2_iron/install/ros2multicast:/home/ubuntu/ros2_iron/install/ros2interface:/home/ubuntu/ros2_iron/install/ros2action:/home/ubuntu/ros2_iron/install/ros2cli:/home/ubuntu/ros2_iron/install/launch_testing_ros:/home/ubuntu/ros2_iron/install/launch_ros:/home/ubuntu/ros2_iron/install/examples_rclpy_minimal_action_server:/home/ubuntu/ros2_iron/install/examples_rclpy_minimal_action_client:/home/ubuntu/ros2_iron/install/examples_rclpy_guard_conditions:/home/ubuntu/ros2_iron/install/action_tutorials_py:/home/ubuntu/ros2_iron/install/ament_uncrustify:/home/ubuntu/ros2_iron/install/tracetools_trace:/home/ubuntu/ros2_iron/install/tracetools_read:/home/ubuntu/ros2_iron/install/test_tracetools_launch:/home/ubuntu/ros2_iron/install/test_ros2trace:/home/ubuntu/ros2_iron/install/test_launch_ros:/home/ubuntu/ros2_iron/install/rpyutils:/home/ubuntu/ros2_iron/install/rosidl_runtime_py:/home/ubuntu/ros2_iron/install/rosidl_pycommon:/home/ubuntu/ros2_iron/install/rosidl_cli:/home/ubuntu/ros2_iron/install/launch_pytest:/home/ubuntu/ros2_iron/install/launch_testing:/home/ubuntu/ros2_iron/install/launch_yaml:/home/ubuntu/ros2_iron/install/launch_xml:/home/ubuntu/ros2_iron/install/launch:/home/ubuntu/ros2_iron/install/osrf_pycommon:/home/ubuntu/ros2_iron/install/domain_coordinator:/home/ubuntu/ros2_iron/install/ament_xmllint:/home/ubuntu/ros2_iron/install/ament_pyflakes:/home/ubuntu/ros2_iron/install/ament_pycodestyle:/home/ubuntu/ros2_iron/install/ament_pep257:/home/ubuntu/ros2_iron/install/ament_pclint:/home/ubuntu/ros2_iron/install/ament_package:/home/ubuntu/ros2_iron/install/ament_mypy:/home/ubuntu/ros2_iron/install/ament_lint_cmake:/home/ubuntu/ros2_iron/install/ament_flake8:/home/ubuntu/ros2_iron/install/ament_copyright:/home/ubuntu/ros2_iron/install/ament_lint:/home/ubuntu/ros2_iron/install/ament_index_python:/home/ubuntu/ros2_iron/install/ament_cpplint:/home/ubuntu/ros2_iron/install/ament_cppcheck:/home/ubuntu/ros2_iron/install/ament_clang_tidy:/home/ubuntu/ros2_iron/install/ament_clang_format /usr/bin/cmake /home/ubuntu/ros2_ws/src/ros_tutorials/turtlesim -DCMAKE_INSTALL_PREFIX=/home/ubuntu/ros2_ws/src/install/turtlesim
[0.176s] -- The C compiler identification is GNU 11.3.0
[0.249s] -- The CXX compiler identification is GNU 11.3.0
[0.260s] -- Detecting C compiler ABI info
[0.409s] -- Detecting C compiler ABI info - done
[0.409s] -- Check for working C compiler: /usr/bin/cc - skipped
[0.409s] -- Detecting C compile features
[0.410s] -- Detecting C compile features - done
[0.411s] -- Detecting CXX compiler ABI info
[0.568s] -- Detecting CXX compiler ABI info - done
[0.573s] -- Check for working CXX compiler: /usr/bin/c++ - skipped
[0.573s] -- Detecting CXX compile features
[0.573s] -- Detecting CXX compile features - done
[0.602s] -- Found ament_cmake: 2.0.2 (/home/ubuntu/ros2_iron/install/ament_cmake/share/ament_cmake/cmake)
[1.162s] -- Found Python3: /usr/bin/python3.10 (found version "3.10.6") found components: Interpreter 
[1.619s] -- Found ament_index_cpp: 1.5.2 (/home/ubuntu/ros2_iron/install/ament_index_cpp/share/ament_index_cpp/cmake)
[1.626s] -- Found geometry_msgs: 5.0.0 (/home/ubuntu/ros2_iron/install/geometry_msgs/share/geometry_msgs/cmake)
[1.803s] -- Found rosidl_generator_c: 4.0.0 (/home/ubuntu/ros2_iron/install/rosidl_generator_c/share/rosidl_generator_c/cmake)
[1.855s] -- Found rosidl_generator_cpp: 4.0.0 (/home/ubuntu/ros2_iron/install/rosidl_generator_cpp/share/rosidl_generator_cpp/cmake)
[1.925s] -- Using all available rosidl_typesupport_c: rosidl_typesupport_introspection_c;rosidl_typesupport_fastrtps_c
[1.998s] -- Using all available rosidl_typesupport_cpp: rosidl_typesupport_introspection_cpp;rosidl_typesupport_fastrtps_cpp
[2.172s] -- Found rclcpp: 21.0.1 (/home/ubuntu/ros2_iron/install/rclcpp/share/rclcpp/cmake)
[2.371s] -- Found rmw_implementation_cmake: 7.1.0 (/home/ubuntu/ros2_iron/install/rmw_implementation_cmake/share/rmw_implementation_cmake/cmake)
[2.400s] -- Found rmw_fastrtps_cpp: 7.1.1 (/home/ubuntu/ros2_iron/install/rmw_fastrtps_cpp/share/rmw_fastrtps_cpp/cmake)
[2.768s] -- Found OpenSSL: /usr/lib/x86_64-linux-gnu/libcrypto.so (found version "3.0.2")  
[2.832s] -- Found FastRTPS: /home/ubuntu/ros2_iron/install/fastrtps/include  
[2.951s] -- Using RMW implementation 'rmw_fastrtps_cpp' as default
[3.102s] -- Found rclcpp_action: 21.0.1 (/home/ubuntu/ros2_iron/install/rclcpp_action/share/rclcpp_action/cmake)
[3.236s] -- Found rosidl_default_generators: 1.5.0 (/home/ubuntu/ros2_iron/install/rosidl_default_generators/share/rosidl_default_generators/cmake)
[3.372s] -- Found rosidl_adapter: 4.0.0 (/home/ubuntu/ros2_iron/install/rosidl_adapter/share/rosidl_adapter/cmake)
[3.385s] -- Found std_srvs: 5.0.0 (/home/ubuntu/ros2_iron/install/std_srvs/share/std_srvs/cmake)
[4.190s] -- Found ament_cmake_ros: 0.11.2 (/home/ubuntu/ros2_iron/install/ament_cmake_ros/share/ament_cmake_ros/cmake)
[5.011s] -- Using all available rosidl_typesupport_c: rosidl_typesupport_introspection_c;rosidl_typesupport_fastrtps_c
[5.326s] -- Using all available rosidl_typesupport_cpp: rosidl_typesupport_introspection_cpp;rosidl_typesupport_fastrtps_cpp
[5.404s] -- Found PythonInterp: /usr/bin/python3 (found suitable version "3.10.6", minimum required is "3.6") 
[5.422s] -- Found python_cmake_module: 0.10.2 (/home/ubuntu/ros2_iron/install/python_cmake_module/share/python_cmake_module/cmake)
[5.501s] -- Found PythonLibs: /usr/lib/x86_64-linux-gnu/libpython3.10.so (found suitable version "3.10.6", minimum required is "3.5") 
[5.502s] -- Using PYTHON_EXECUTABLE: /usr/bin/python3
[5.502s] -- Using PYTHON_INCLUDE_DIRS: /usr/include/python3.10
[5.502s] -- Using PYTHON_LIBRARIES: /usr/lib/x86_64-linux-gnu/libpython3.10.so
[5.560s] -- Found PythonExtra: .so  
[6.095s] -- Configuring done
[6.177s] -- Generating done
[6.179s] -- Build files have been written to: /home/ubuntu/ros2_ws/src/build/turtlesim
[6.188s] Invoked command in '/home/ubuntu/ros2_ws/src/build/turtlesim' returned '0': CMAKE_PREFIX_PATH=${CMAKE_PREFIX_PATH}:/home/ubuntu/ros2_iron/install/rqt_bag_plugins:/home/ubuntu/ros2_iron/install/rqt_bag:/home/ubuntu/ros2_iron/install/rosbag2_examples_py:/home/ubuntu/ros2_iron/install/launch_testing_examples:/home/ubuntu/ros2_iron/install/ros2bag:/home/ubuntu/ros2_iron/install/tracetools_test:/home/ubuntu/ros2_iron/install/tracetools_launch:/home/ubuntu/ros2_iron/install/topic_monitor:/home/ubuntu/ros2_iron/install/tf2_tools:/home/ubuntu/ros2_iron/install/examples_tf2_py:/home/ubuntu/ros2_iron/install/tf2_ros_py:/home/ubuntu/ros2_iron/install/examples_rclpy_pointcloud_publisher:/home/ubuntu/ros2_iron/install/sensor_msgs_py:/home/ubuntu/ros2_iron/install/quality_of_service_demo_py:/home/ubuntu/ros2_iron/install/rqt_plot:/home/ubuntu/ros2_iron/install/ros2doctor:/home/ubuntu/ros2_iron/install/lifecycle_py:/home/ubuntu/ros2_iron/install/examples_rclpy_minimal_subscriber:/home/ubuntu/ros2_iron/install/examples_rclpy_minimal_service:/home/ubuntu/ros2_iron/install/examples_rclpy_minimal_publisher:/home/ubuntu/ros2_iron/install/examples_rclpy_minimal_client:/home/ubuntu/ros2_iron/install/examples_rclpy_executors:/home/ubuntu/ros2_iron/install/demo_nodes_py:/home/ubuntu/ros2_iron/install/rqt:/home/ubuntu/ros2_iron/install/ros2component:/home/ubuntu/ros2_iron/install/sros2:/home/ubuntu/ros2_iron/install/rqt_topic:/home/ubuntu/ros2_iron/install/rqt_srv:/home/ubuntu/ros2_iron/install/rqt_shell:/home/ubuntu/ros2_iron/install/rqt_service_caller:/home/ubuntu/ros2_iron/install/rqt_reconfigure:/home/ubuntu/ros2_iron/install/rqt_py_console:/home/ubuntu/ros2_iron/install/rqt_publisher:/home/ubuntu/ros2_iron/install/rqt_action:/home/ubuntu/ros2_iron/install/rqt_msg:/home/ubuntu/ros2_iron/install/rqt_console:/home/ubuntu/ros2_iron/install/rqt_graph:/home/ubuntu/ros2_iron/install/rqt_gui_py:/home/ubuntu/ros2_iron/install/rqt_gui:/home/ubuntu/ros2_iron/install/ros2trace:/home/ubuntu/ros2_iron/install/ros2topic:/home/ubuntu/ros2_iron/install/ros2test:/home/ubuntu/ros2_iron/install/ros2param:/home/ubuntu/ros2_iron/install/ros2lifecycle:/home/ubuntu/ros2_iron/install/ros2service:/home/ubuntu/ros2_iron/install/ros2run:/home/ubuntu/ros2_iron/install/ros2launch:/home/ubuntu/ros2_iron/install/ros2pkg:/home/ubuntu/ros2_iron/install/ros2node:/home/ubuntu/ros2_iron/install/ros2multicast:/home/ubuntu/ros2_iron/install/ros2interface:/home/ubuntu/ros2_iron/install/ros2action:/home/ubuntu/ros2_iron/install/ros2cli:/home/ubuntu/ros2_iron/install/launch_testing_ros:/home/ubuntu/ros2_iron/install/launch_ros:/home/ubuntu/ros2_iron/install/examples_rclpy_minimal_action_server:/home/ubuntu/ros2_iron/install/examples_rclpy_minimal_action_client:/home/ubuntu/ros2_iron/install/examples_rclpy_guard_conditions:/home/ubuntu/ros2_iron/install/action_tutorials_py:/home/ubuntu/ros2_iron/install/ament_uncrustify:/home/ubuntu/ros2_iron/install/tracetools_trace:/home/ubuntu/ros2_iron/install/tracetools_read:/home/ubuntu/ros2_iron/install/test_tracetools_launch:/home/ubuntu/ros2_iron/install/test_ros2trace:/home/ubuntu/ros2_iron/install/test_launch_ros:/home/ubuntu/ros2_iron/install/rpyutils:/home/ubuntu/ros2_iron/install/rosidl_runtime_py:/home/ubuntu/ros2_iron/install/rosidl_pycommon:/home/ubuntu/ros2_iron/install/rosidl_cli:/home/ubuntu/ros2_iron/install/launch_pytest:/home/ubuntu/ros2_iron/install/launch_testing:/home/ubuntu/ros2_iron/install/launch_yaml:/home/ubuntu/ros2_iron/install/launch_xml:/home/ubuntu/ros2_iron/install/launch:/home/ubuntu/ros2_iron/install/osrf_pycommon:/home/ubuntu/ros2_iron/install/domain_coordinator:/home/ubuntu/ros2_iron/install/ament_xmllint:/home/ubuntu/ros2_iron/install/ament_pyflakes:/home/ubuntu/ros2_iron/install/ament_pycodestyle:/home/ubuntu/ros2_iron/install/ament_pep257:/home/ubuntu/ros2_iron/install/ament_pclint:/home/ubuntu/ros2_iron/install/ament_package:/home/ubuntu/ros2_iron/install/ament_mypy:/home/ubuntu/ros2_iron/install/ament_lint_cmake:/home/ubuntu/ros2_iron/install/ament_flake8:/home/ubuntu/ros2_iron/install/ament_copyright:/home/ubuntu/ros2_iron/install/ament_lint:/home/ubuntu/ros2_iron/install/ament_index_python:/home/ubuntu/ros2_iron/install/ament_cpplint:/home/ubuntu/ros2_iron/install/ament_cppcheck:/home/ubuntu/ros2_iron/install/ament_clang_tidy:/home/ubuntu/ros2_iron/install/ament_clang_format /usr/bin/cmake /home/ubuntu/ros2_ws/src/ros_tutorials/turtlesim -DCMAKE_INSTALL_PREFIX=/home/ubuntu/ros2_ws/src/install/turtlesim
[6.190s] Invoking command in '/home/ubuntu/ros2_ws/src/build/turtlesim': CMAKE_PREFIX_PATH=${CMAKE_PREFIX_PATH}:/home/ubuntu/ros2_iron/install/rqt_bag_plugins:/home/ubuntu/ros2_iron/install/rqt_bag:/home/ubuntu/ros2_iron/install/rosbag2_examples_py:/home/ubuntu/ros2_iron/install/launch_testing_examples:/home/ubuntu/ros2_iron/install/ros2bag:/home/ubuntu/ros2_iron/install/tracetools_test:/home/ubuntu/ros2_iron/install/tracetools_launch:/home/ubuntu/ros2_iron/install/topic_monitor:/home/ubuntu/ros2_iron/install/tf2_tools:/home/ubuntu/ros2_iron/install/examples_tf2_py:/home/ubuntu/ros2_iron/install/tf2_ros_py:/home/ubuntu/ros2_iron/install/examples_rclpy_pointcloud_publisher:/home/ubuntu/ros2_iron/install/sensor_msgs_py:/home/ubuntu/ros2_iron/install/quality_of_service_demo_py:/home/ubuntu/ros2_iron/install/rqt_plot:/home/ubuntu/ros2_iron/install/ros2doctor:/home/ubuntu/ros2_iron/install/lifecycle_py:/home/ubuntu/ros2_iron/install/examples_rclpy_minimal_subscriber:/home/ubuntu/ros2_iron/install/examples_rclpy_minimal_service:/home/ubuntu/ros2_iron/install/examples_rclpy_minimal_publisher:/home/ubuntu/ros2_iron/install/examples_rclpy_minimal_client:/home/ubuntu/ros2_iron/install/examples_rclpy_executors:/home/ubuntu/ros2_iron/install/demo_nodes_py:/home/ubuntu/ros2_iron/install/rqt:/home/ubuntu/ros2_iron/install/ros2component:/home/ubuntu/ros2_iron/install/sros2:/home/ubuntu/ros2_iron/install/rqt_topic:/home/ubuntu/ros2_iron/install/rqt_srv:/home/ubuntu/ros2_iron/install/rqt_shell:/home/ubuntu/ros2_iron/install/rqt_service_caller:/home/ubuntu/ros2_iron/install/rqt_reconfigure:/home/ubuntu/ros2_iron/install/rqt_py_console:/home/ubuntu/ros2_iron/install/rqt_publisher:/home/ubuntu/ros2_iron/install/rqt_action:/home/ubuntu/ros2_iron/install/rqt_msg:/home/ubuntu/ros2_iron/install/rqt_console:/home/ubuntu/ros2_iron/install/rqt_graph:/home/ubuntu/ros2_iron/install/rqt_gui_py:/home/ubuntu/ros2_iron/install/rqt_gui:/home/ubuntu/ros2_iron/install/ros2trace:/home/ubuntu/ros2_iron/install/ros2topic:/home/ubuntu/ros2_iron/install/ros2test:/home/ubuntu/ros2_iron/install/ros2param:/home/ubuntu/ros2_iron/install/ros2lifecycle:/home/ubuntu/ros2_iron/install/ros2service:/home/ubuntu/ros2_iron/install/ros2run:/home/ubuntu/ros2_iron/install/ros2launch:/home/ubuntu/ros2_iron/install/ros2pkg:/home/ubuntu/ros2_iron/install/ros2node:/home/ubuntu/ros2_iron/install/ros2multicast:/home/ubuntu/ros2_iron/install/ros2interface:/home/ubuntu/ros2_iron/install/ros2action:/home/ubuntu/ros2_iron/install/ros2cli:/home/ubuntu/ros2_iron/install/launch_testing_ros:/home/ubuntu/ros2_iron/install/launch_ros:/home/ubuntu/ros2_iron/install/examples_rclpy_minimal_action_server:/home/ubuntu/ros2_iron/install/examples_rclpy_minimal_action_client:/home/ubuntu/ros2_iron/install/examples_rclpy_guard_conditions:/home/ubuntu/ros2_iron/install/action_tutorials_py:/home/ubuntu/ros2_iron/install/ament_uncrustify:/home/ubuntu/ros2_iron/install/tracetools_trace:/home/ubuntu/ros2_iron/install/tracetools_read:/home/ubuntu/ros2_iron/install/test_tracetools_launch:/home/ubuntu/ros2_iron/install/test_ros2trace:/home/ubuntu/ros2_iron/install/test_launch_ros:/home/ubuntu/ros2_iron/install/rpyutils:/home/ubuntu/ros2_iron/install/rosidl_runtime_py:/home/ubuntu/ros2_iron/install/rosidl_pycommon:/home/ubuntu/ros2_iron/install/rosidl_cli:/home/ubuntu/ros2_iron/install/launch_pytest:/home/ubuntu/ros2_iron/install/launch_testing:/home/ubuntu/ros2_iron/install/launch_yaml:/home/ubuntu/ros2_iron/install/launch_xml:/home/ubuntu/ros2_iron/install/launch:/home/ubuntu/ros2_iron/install/osrf_pycommon:/home/ubuntu/ros2_iron/install/domain_coordinator:/home/ubuntu/ros2_iron/install/ament_xmllint:/home/ubuntu/ros2_iron/install/ament_pyflakes:/home/ubuntu/ros2_iron/install/ament_pycodestyle:/home/ubuntu/ros2_iron/install/ament_pep257:/home/ubuntu/ros2_iron/install/ament_pclint:/home/ubuntu/ros2_iron/install/ament_package:/home/ubuntu/ros2_iron/install/ament_mypy:/home/ubuntu/ros2_iron/install/ament_lint_cmake:/home/ubuntu/ros2_iron/install/ament_flake8:/home/ubuntu/ros2_iron/install/ament_copyright:/home/ubuntu/ros2_iron/install/ament_lint:/home/ubuntu/ros2_iron/install/ament_index_python:/home/ubuntu/ros2_iron/install/ament_cpplint:/home/ubuntu/ros2_iron/install/ament_cppcheck:/home/ubuntu/ros2_iron/install/ament_clang_tidy:/home/ubuntu/ros2_iron/install/ament_clang_format /usr/bin/cmake --build /home/ubuntu/ros2_ws/src/build/turtlesim -- -j2 -l2
[6.331s] [  0%] [34m[1mGenerating type hashes for ROS interfaces[0m
[6.352s] [  0%] Built target ament_cmake_python_copy_turtlesim
[6.749s] running egg_info
[6.749s] creating turtlesim.egg-info
[6.750s] writing turtlesim.egg-info/PKG-INFO
[6.750s] writing dependency_links to turtlesim.egg-info/dependency_links.txt
[6.750s] writing top-level names to turtlesim.egg-info/top_level.txt
[6.750s] writing manifest file 'turtlesim.egg-info/SOURCES.txt'
[6.752s] reading manifest file 'turtlesim.egg-info/SOURCES.txt'
[6.752s] writing manifest file 'turtlesim.egg-info/SOURCES.txt'
[6.788s] [  0%] Built target ament_cmake_python_build_turtlesim_egg
[6.813s] [  0%] Built target turtlesim__rosidl_generator_type_description
[6.846s] [  1%] [34m[1mGenerating C code for ROS interfaces[0m
[6.882s] [  2%] [34m[1mGenerating C++ code for ROS interfaces[0m
[8.341s] [  2%] Built target turtlesim__cpp
[8.698s] [  3%] [32mBuilding C object CMakeFiles/turtlesim__rosidl_generator_c.dir/rosidl_generator_c/turtlesim/action/detail/rotate_absolute__description.c.o[0m
[8.700s] [  4%] [32mBuilding C object CMakeFiles/turtlesim__rosidl_generator_c.dir/rosidl_generator_c/turtlesim/action/detail/rotate_absolute__functions.c.o[0m
[8.803s] [  5%] [32mBuilding C object CMakeFiles/turtlesim__rosidl_generator_c.dir/rosidl_generator_c/turtlesim/action/detail/rotate_absolute__type_support.c.o[0m
[8.863s] [  6%] [32mBuilding C object CMakeFiles/turtlesim__rosidl_generator_c.dir/rosidl_generator_c/turtlesim/msg/detail/color__description.c.o[0m
[8.878s] [  7%] [32mBuilding C object CMakeFiles/turtlesim__rosidl_generator_c.dir/rosidl_generator_c/turtlesim/msg/detail/color__functions.c.o[0m
[8.943s] [  7%] [32mBuilding C object CMakeFiles/turtlesim__rosidl_generator_c.dir/rosidl_generator_c/turtlesim/msg/detail/color__type_support.c.o[0m
[8.959s] [  8%] [32mBuilding C object CMakeFiles/turtlesim__rosidl_generator_c.dir/rosidl_generator_c/turtlesim/msg/detail/pose__description.c.o[0m
[9.007s] [  9%] [32mBuilding C object CMakeFiles/turtlesim__rosidl_generator_c.dir/rosidl_generator_c/turtlesim/msg/detail/pose__functions.c.o[0m
[9.030s] [ 10%] [32mBuilding C object CMakeFiles/turtlesim__rosidl_generator_c.dir/rosidl_generator_c/turtlesim/msg/detail/pose__type_support.c.o[0m
[9.086s] [ 11%] [32mBuilding C object CMakeFiles/turtlesim__rosidl_generator_c.dir/rosidl_generator_c/turtlesim/srv/detail/kill__description.c.o[0m
[9.098s] [ 12%] [32mBuilding C object CMakeFiles/turtlesim__rosidl_generator_c.dir/rosidl_generator_c/turtlesim/srv/detail/kill__functions.c.o[0m
[9.166s] [ 13%] [32mBuilding C object CMakeFiles/turtlesim__rosidl_generator_c.dir/rosidl_generator_c/turtlesim/srv/detail/kill__type_support.c.o[0m
[9.195s] [ 13%] [32mBuilding C object CMakeFiles/turtlesim__rosidl_generator_c.dir/rosidl_generator_c/turtlesim/srv/detail/set_pen__description.c.o[0m
[9.245s] [ 14%] [32mBuilding C object CMakeFiles/turtlesim__rosidl_generator_c.dir/rosidl_generator_c/turtlesim/srv/detail/set_pen__functions.c.o[0m
[9.274s] [ 15%] [32mBuilding C object CMakeFiles/turtlesim__rosidl_generator_c.dir/rosidl_generator_c/turtlesim/srv/detail/set_pen__type_support.c.o[0m
[9.344s] [ 16%] [32mBuilding C object CMakeFiles/turtlesim__rosidl_generator_c.dir/rosidl_generator_c/turtlesim/srv/detail/spawn__description.c.o[0m
[9.356s] [ 17%] [32mBuilding C object CMakeFiles/turtlesim__rosidl_generator_c.dir/rosidl_generator_c/turtlesim/srv/detail/spawn__functions.c.o[0m
[9.426s] [ 18%] [32mBuilding C object CMakeFiles/turtlesim__rosidl_generator_c.dir/rosidl_generator_c/turtlesim/srv/detail/spawn__type_support.c.o[0m
[9.453s] [ 19%] [32mBuilding C object CMakeFiles/turtlesim__rosidl_generator_c.dir/rosidl_generator_c/turtlesim/srv/detail/teleport_absolute__description.c.o[0m
[9.499s] [ 20%] [32mBuilding C object CMakeFiles/turtlesim__rosidl_generator_c.dir/rosidl_generator_c/turtlesim/srv/detail/teleport_absolute__functions.c.o[0m
[9.530s] [ 20%] [32mBuilding C object CMakeFiles/turtlesim__rosidl_generator_c.dir/rosidl_generator_c/turtlesim/srv/detail/teleport_absolute__type_support.c.o[0m
[9.593s] [ 21%] [32mBuilding C object CMakeFiles/turtlesim__rosidl_generator_c.dir/rosidl_generator_c/turtlesim/srv/detail/teleport_relative__description.c.o[0m
[9.604s] [ 22%] [32mBuilding C object CMakeFiles/turtlesim__rosidl_generator_c.dir/rosidl_generator_c/turtlesim/srv/detail/teleport_relative__functions.c.o[0m
[9.671s] [ 23%] [32mBuilding C object CMakeFiles/turtlesim__rosidl_generator_c.dir/rosidl_generator_c/turtlesim/srv/detail/teleport_relative__type_support.c.o[0m
[9.742s] [ 24%] [32m[1mLinking C shared library libturtlesim__rosidl_generator_c.so[0m
[9.824s] [ 24%] Built target turtlesim__rosidl_generator_c
[9.858s] [ 25%] [34m[1mGenerating C++ type support dispatch for ROS interfaces[0m
[9.862s] [ 26%] [34m[1mGenerating C type support for eProsima Fast-RTPS[0m
[10.607s] [ 27%] [32mBuilding CXX object CMakeFiles/turtlesim__rosidl_typesupport_cpp.dir/rosidl_typesupport_cpp/turtlesim/action/rotate_absolute__type_support.cpp.o[0m
[10.988s] [ 28%] [32mBuilding CXX object CMakeFiles/turtlesim__rosidl_typesupport_fastrtps_c.dir/rosidl_typesupport_fastrtps_c/turtlesim/action/detail/rotate_absolute__type_support_c.cpp.o[0m
[11.197s] [ 28%] [32mBuilding CXX object CMakeFiles/turtlesim__rosidl_typesupport_cpp.dir/rosidl_typesupport_cpp/turtlesim/msg/color__type_support.cpp.o[0m
[11.319s] [ 29%] [32mBuilding CXX object CMakeFiles/turtlesim__rosidl_typesupport_fastrtps_c.dir/rosidl_typesupport_fastrtps_c/turtlesim/msg/detail/color__type_support_c.cpp.o[0m
[11.500s] [ 30%] [32mBuilding CXX object CMakeFiles/turtlesim__rosidl_typesupport_cpp.dir/rosidl_typesupport_cpp/turtlesim/msg/pose__type_support.cpp.o[0m
[11.606s] [ 31%] [32mBuilding CXX object CMakeFiles/turtlesim__rosidl_typesupport_fastrtps_c.dir/rosidl_typesupport_fastrtps_c/turtlesim/msg/detail/pose__type_support_c.cpp.o[0m
[11.815s] [ 32%] [32mBuilding CXX object CMakeFiles/turtlesim__rosidl_typesupport_cpp.dir/rosidl_typesupport_cpp/turtlesim/srv/kill__type_support.cpp.o[0m
[11.890s] [ 33%] [32mBuilding CXX object CMakeFiles/turtlesim__rosidl_typesupport_fastrtps_c.dir/rosidl_typesupport_fastrtps_c/turtlesim/srv/detail/kill__type_support_c.cpp.o[0m
[12.201s] [ 34%] [32mBuilding CXX object CMakeFiles/turtlesim__rosidl_typesupport_cpp.dir/rosidl_typesupport_cpp/turtlesim/srv/set_pen__type_support.cpp.o[0m
[12.205s] [ 35%] [32mBuilding CXX object CMakeFiles/turtlesim__rosidl_typesupport_fastrtps_c.dir/rosidl_typesupport_fastrtps_c/turtlesim/srv/detail/set_pen__type_support_c.cpp.o[0m
[12.495s] [ 35%] [32mBuilding CXX object CMakeFiles/turtlesim__rosidl_typesupport_fastrtps_c.dir/rosidl_typesupport_fastrtps_c/turtlesim/srv/detail/spawn__type_support_c.cpp.o[0m
[12.570s] [ 36%] [32mBuilding CXX object CMakeFiles/turtlesim__rosidl_typesupport_cpp.dir/rosidl_typesupport_cpp/turtlesim/srv/spawn__type_support.cpp.o[0m
[12.814s] [ 37%] [32mBuilding CXX object CMakeFiles/turtlesim__rosidl_typesupport_fastrtps_c.dir/rosidl_typesupport_fastrtps_c/turtlesim/srv/detail/teleport_absolute__type_support_c.cpp.o[0m
[12.950s] [ 38%] [32mBuilding CXX object CMakeFiles/turtlesim__rosidl_typesupport_cpp.dir/rosidl_typesupport_cpp/turtlesim/srv/teleport_absolute__type_support.cpp.o[0m
[13.130s] [ 39%] [32mBuilding CXX object CMakeFiles/turtlesim__rosidl_typesupport_fastrtps_c.dir/rosidl_typesupport_fastrtps_c/turtlesim/srv/detail/teleport_relative__type_support_c.cpp.o[0m
[13.338s] [ 40%] [32mBuilding CXX object CMakeFiles/turtlesim__rosidl_typesupport_cpp.dir/rosidl_typesupport_cpp/turtlesim/srv/teleport_relative__type_support.cpp.o[0m
[13.444s] [ 41%] [32m[1mLinking CXX shared library libturtlesim__rosidl_typesupport_fastrtps_c.so[0m
[13.556s] [ 41%] Built target turtlesim__rosidl_typesupport_fastrtps_c
[13.589s] [ 42%] [34m[1mGenerating C++ type support for eProsima Fast-RTPS[0m
[13.698s] [ 42%] [32m[1mLinking CXX shared library libturtlesim__rosidl_typesupport_cpp.so[0m
[13.825s] [ 42%] Built target turtlesim__rosidl_typesupport_cpp
[13.856s] [ 43%] [34m[1mGenerating C introspection for ROS interfaces[0m
[14.716s] [ 43%] [32mBuilding CXX object CMakeFiles/turtlesim__rosidl_typesupport_fastrtps_cpp.dir/rosidl_typesupport_fastrtps_cpp/turtlesim/action/detail/dds_fastrtps/rotate_absolute__type_support.cpp.o[0m
[14.827s] gmake[2]: *** [CMakeFiles/turtlesim__rosidl_typesupport_fastrtps_cpp.dir/build.make:148: CMakeFiles/turtlesim__rosidl_typesupport_fastrtps_cpp.dir/rosidl_typesupport_fastrtps_cpp/turtlesim/action/detail/dds_fastrtps/rotate_absolute__type_support.cpp.o] Interrupt
[14.827s] gmake[1]: *** [CMakeFiles/Makefile2:328: CMakeFiles/turtlesim__rosidl_typesupport_fastrtps_cpp.dir/all] Interrupt
[14.827s] gmake[2]: *** Deleting file 'rosidl_typesupport_introspection_c/turtlesim/srv/detail/teleport_absolute__rosidl_typesupport_introspection_c.h'
[14.827s] gmake[2]: *** [CMakeFiles/turtlesim__rosidl_typesupport_introspection_c.dir/build.make:115: rosidl_typesupport_introspection_c/turtlesim/srv/detail/teleport_absolute__rosidl_typesupport_introspection_c.h] Interrupt
[14.827s] gmake[1]: *** [CMakeFiles/Makefile2:353: CMakeFiles/turtlesim__rosidl_typesupport_introspection_c.dir/all] Interrupt
[14.827s] gmake: *** wait: No child processes.  Stop.
[14.827s] gmake: *** Waiting for unfinished jobs....
[14.827s] gmake: *** wait: No child processes.  Stop.
[14.828s] Invoked command in '/home/ubuntu/ros2_ws/src/build/turtlesim' returned '-2': CMAKE_PREFIX_PATH=${CMAKE_PREFIX_PATH}:/home/ubuntu/ros2_iron/install/rqt_bag_plugins:/home/ubuntu/ros2_iron/install/rqt_bag:/home/ubuntu/ros2_iron/install/rosbag2_examples_py:/home/ubuntu/ros2_iron/install/launch_testing_examples:/home/ubuntu/ros2_iron/install/ros2bag:/home/ubuntu/ros2_iron/install/tracetools_test:/home/ubuntu/ros2_iron/install/tracetools_launch:/home/ubuntu/ros2_iron/install/topic_monitor:/home/ubuntu/ros2_iron/install/tf2_tools:/home/ubuntu/ros2_iron/install/examples_tf2_py:/home/ubuntu/ros2_iron/install/tf2_ros_py:/home/ubuntu/ros2_iron/install/examples_rclpy_pointcloud_publisher:/home/ubuntu/ros2_iron/install/sensor_msgs_py:/home/ubuntu/ros2_iron/install/quality_of_service_demo_py:/home/ubuntu/ros2_iron/install/rqt_plot:/home/ubuntu/ros2_iron/install/ros2doctor:/home/ubuntu/ros2_iron/install/lifecycle_py:/home/ubuntu/ros2_iron/install/examples_rclpy_minimal_subscriber:/home/ubuntu/ros2_iron/install/examples_rclpy_minimal_service:/home/ubuntu/ros2_iron/install/examples_rclpy_minimal_publisher:/home/ubuntu/ros2_iron/install/examples_rclpy_minimal_client:/home/ubuntu/ros2_iron/install/examples_rclpy_executors:/home/ubuntu/ros2_iron/install/demo_nodes_py:/home/ubuntu/ros2_iron/install/rqt:/home/ubuntu/ros2_iron/install/ros2component:/home/ubuntu/ros2_iron/install/sros2:/home/ubuntu/ros2_iron/install/rqt_topic:/home/ubuntu/ros2_iron/install/rqt_srv:/home/ubuntu/ros2_iron/install/rqt_shell:/home/ubuntu/ros2_iron/install/rqt_service_caller:/home/ubuntu/ros2_iron/install/rqt_reconfigure:/home/ubuntu/ros2_iron/install/rqt_py_console:/home/ubuntu/ros2_iron/install/rqt_publisher:/home/ubuntu/ros2_iron/install/rqt_action:/home/ubuntu/ros2_iron/install/rqt_msg:/home/ubuntu/ros2_iron/install/rqt_console:/home/ubuntu/ros2_iron/install/rqt_graph:/home/ubuntu/ros2_iron/install/rqt_gui_py:/home/ubuntu/ros2_iron/install/rqt_gui:/home/ubuntu/ros2_iron/install/ros2trace:/home/ubuntu/ros2_iron/install/ros2topic:/home/ubuntu/ros2_iron/install/ros2test:/home/ubuntu/ros2_iron/install/ros2param:/home/ubuntu/ros2_iron/install/ros2lifecycle:/home/ubuntu/ros2_iron/install/ros2service:/home/ubuntu/ros2_iron/install/ros2run:/home/ubuntu/ros2_iron/install/ros2launch:/home/ubuntu/ros2_iron/install/ros2pkg:/home/ubuntu/ros2_iron/install/ros2node:/home/ubuntu/ros2_iron/install/ros2multicast:/home/ubuntu/ros2_iron/install/ros2interface:/home/ubuntu/ros2_iron/install/ros2action:/home/ubuntu/ros2_iron/install/ros2cli:/home/ubuntu/ros2_iron/install/launch_testing_ros:/home/ubuntu/ros2_iron/install/launch_ros:/home/ubuntu/ros2_iron/install/examples_rclpy_minimal_action_server:/home/ubuntu/ros2_iron/install/examples_rclpy_minimal_action_client:/home/ubuntu/ros2_iron/install/examples_rclpy_guard_conditions:/home/ubuntu/ros2_iron/install/action_tutorials_py:/home/ubuntu/ros2_iron/install/ament_uncrustify:/home/ubuntu/ros2_iron/install/tracetools_trace:/home/ubuntu/ros2_iron/install/tracetools_read:/home/ubuntu/ros2_iron/install/test_tracetools_launch:/home/ubuntu/ros2_iron/install/test_ros2trace:/home/ubuntu/ros2_iron/install/test_launch_ros:/home/ubuntu/ros2_iron/install/rpyutils:/home/ubuntu/ros2_iron/install/rosidl_runtime_py:/home/ubuntu/ros2_iron/install/rosidl_pycommon:/home/ubuntu/ros2_iron/install/rosidl_cli:/home/ubuntu/ros2_iron/install/launch_pytest:/home/ubuntu/ros2_iron/install/launch_testing:/home/ubuntu/ros2_iron/install/launch_yaml:/home/ubuntu/ros2_iron/install/launch_xml:/home/ubuntu/ros2_iron/install/launch:/home/ubuntu/ros2_iron/install/osrf_pycommon:/home/ubuntu/ros2_iron/install/domain_coordinator:/home/ubuntu/ros2_iron/install/ament_xmllint:/home/ubuntu/ros2_iron/install/ament_pyflakes:/home/ubuntu/ros2_iron/install/ament_pycodestyle:/home/ubuntu/ros2_iron/install/ament_pep257:/home/ubuntu/ros2_iron/install/ament_pclint:/home/ubuntu/ros2_iron/install/ament_package:/home/ubuntu/ros2_iron/install/ament_mypy:/home/ubuntu/ros2_iron/install/ament_lint_cmake:/home/ubuntu/ros2_iron/install/ament_flake8:/home/ubuntu/ros2_iron/install/ament_copyright:/home/ubuntu/ros2_iron/install/ament_lint:/home/ubuntu/ros2_iron/install/ament_index_python:/home/ubuntu/ros2_iron/install/ament_cpplint:/home/ubuntu/ros2_iron/install/ament_cppcheck:/home/ubuntu/ros2_iron/install/ament_clang_tidy:/home/ubuntu/ros2_iron/install/ament_clang_format /usr/bin/cmake --build /home/ubuntu/ros2_ws/src/build/turtlesim -- -j2 -l2
